<?xml version="1.0" encoding="UTF-8"?>
<!-- Generated by org.testng.reporters.JUnitXMLReporter -->
<testsuite ignored="0" hostname="DESKTOP-3P2ER4V" failures="1" tests="2" name="Test" time="9.723" errors="0" timestamp="2023-05-11T13:25:34 IDT">
  <testcase classname="test.ZoomInfo" name="Minus" time="1.104">
    <failure type="org.openqa.selenium.ElementClickInterceptedException" message="element click intercepted: Element &amp;lt;button id=&amp;quot;Btn...&amp;quot; class=&amp;quot;bl&amp;quot;&amp;gt;1&amp;lt;/button&amp;gt; is not clickable at point (540, 359). Other element would receive the click: &amp;lt;button type=&amp;quot;submit&amp;quot; name=&amp;quot;choice&amp;quot; value=&amp;quot;consent&amp;quot; class=&amp;quot;btn w-100 m-1 btn-lg btn-primary&amp;quot;&amp;gt;...&amp;lt;/button&amp;gt;
  (Session info: chrome=112.0.5615.138)
Build info: version: &amp;apos;4.9.1&amp;apos;, revision: &amp;apos;eb2032df7f&amp;apos;
System info: os.name: &amp;apos;Windows 10&amp;apos;, os.arch: &amp;apos;amd64&amp;apos;, os.version: &amp;apos;10.0&amp;apos;, java.version: &amp;apos;17.0.7&amp;apos;
Driver info: org.openqa.selenium.chrome.ChromeDriver
Command: [61f81c372234a423ae7d7afa3f0d813e, clickElement {id=6fa04d3a-573e-4a33-a8f5-3f656fe15b53}]
Capabilities {acceptInsecureCerts: false, browserName: chrome, browserVersion: 112.0.5615.138, chrome: {chromedriverVersion: 112.0.5615.49 (bd2a7bcb881c..., userDataDir: C:\Users\dorbi\AppData\Loca...}, goog:chromeOptions: {debuggerAddress: localhost:63016}, networkConnectionEnabled: false, pageLoadStrategy: normal, platformName: windows, proxy: Proxy(), se:cdp: ws://localhost:63016/devtoo..., se:cdpVersion: 112.0.5615.138, setWindowRect: true, strictFileInteractability: false, timeouts: {implicit: 0, pageLoad: 300000, script: 30000}, unhandledPromptBehavior: dismiss and notify, webauthn:extension:credBlob: true, webauthn:extension:largeBlob: true, webauthn:extension:minPinLength: true, webauthn:extension:prf: true, webauthn:virtualAuthenticators: true}
Element: [[ChromeDriver: chrome on windows (61f81c372234a423ae7d7afa3f0d813e)] -&amp;gt; id: Btn1]
Session ID: 61f81c372234a423ae7d7afa3f0d813e">
      <![CDATA[org.openqa.selenium.ElementClickInterceptedException: element click intercepted: Element <button id="Btn..." class="bl">1</button> is not clickable at point (540, 359). Other element would receive the click: <button type="submit" name="choice" value="consent" class="btn w-100 m-1 btn-lg btn-primary">...</button>
  (Session info: chrome=112.0.5615.138)
Build info: version: '4.9.1', revision: 'eb2032df7f'
System info: os.name: 'Windows 10', os.arch: 'amd64', os.version: '10.0', java.version: '17.0.7'
Driver info: org.openqa.selenium.chrome.ChromeDriver
Command: [61f81c372234a423ae7d7afa3f0d813e, clickElement {id=6fa04d3a-573e-4a33-a8f5-3f656fe15b53}]
Capabilities {acceptInsecureCerts: false, browserName: chrome, browserVersion: 112.0.5615.138, chrome: {chromedriverVersion: 112.0.5615.49 (bd2a7bcb881c..., userDataDir: C:\Users\dorbi\AppData\Loca...}, goog:chromeOptions: {debuggerAddress: localhost:63016}, networkConnectionEnabled: false, pageLoadStrategy: normal, platformName: windows, proxy: Proxy(), se:cdp: ws://localhost:63016/devtoo..., se:cdpVersion: 112.0.5615.138, setWindowRect: true, strictFileInteractability: false, timeouts: {implicit: 0, pageLoad: 300000, script: 30000}, unhandledPromptBehavior: dismiss and notify, webauthn:extension:credBlob: true, webauthn:extension:largeBlob: true, webauthn:extension:minPinLength: true, webauthn:extension:prf: true, webauthn:virtualAuthenticators: true}
Element: [[ChromeDriver: chrome on windows (61f81c372234a423ae7d7afa3f0d813e)] -> id: Btn1]
Session ID: 61f81c372234a423ae7d7afa3f0d813e
at org.openqa.selenium.remote.codec.w3c.W3CHttpResponseCodec.createException(W3CHttpResponseCodec.java:200)
at org.openqa.selenium.remote.codec.w3c.W3CHttpResponseCodec.decode(W3CHttpResponseCodec.java:133)
at org.openqa.selenium.remote.codec.w3c.W3CHttpResponseCodec.decode(W3CHttpResponseCodec.java:53)
at org.openqa.selenium.remote.HttpCommandExecutor.execute(HttpCommandExecutor.java:193)
at org.openqa.selenium.remote.service.DriverCommandExecutor.invokeExecute(DriverCommandExecutor.java:183)
at org.openqa.selenium.remote.service.DriverCommandExecutor.execute(DriverCommandExecutor.java:158)
at org.openqa.selenium.remote.RemoteWebDriver.execute(RemoteWebDriver.java:543)
at org.openqa.selenium.remote.RemoteWebElement.execute(RemoteWebElement.java:257)
at org.openqa.selenium.remote.RemoteWebElement.click(RemoteWebElement.java:78)
at test.ZoomInfo.Minus(ZoomInfo.java:34)
at java.base/java.util.ArrayList.forEach(ArrayList.java:1511)
... Removed 32 stack frames]]>
    </failure>
  </testcase> <!-- Minus -->
  <testcase classname="test.ZoomInfo" name="Plus" time="3.969"/>
</testsuite> <!-- Test -->
